<?xml version="1.0" encoding="UTF-8"?>
<testsuite name="org.fop.account.AccountApplicationTests" tests="1" skipped="0" failures="0" errors="0" timestamp="2023-02-15T15:28:50" hostname="gesserok-GL753VE" time="0.333">
  <properties/>
  <testcase name="contextLoads()" classname="org.fop.account.AccountApplicationTests" time="0.333"/>
  <system-out><![CDATA[17:28:48.845 [Test worker] DEBUG org.springframework.boot.test.context.SpringBootTestContextBootstrapper - Neither @ContextConfiguration nor @ContextHierarchy found for test class [AccountApplicationTests]: using SpringBootContextLoader
17:28:48.851 [Test worker] DEBUG org.springframework.test.context.support.AbstractContextLoader - Could not detect default resource locations for test class [org.fop.account.AccountApplicationTests]: no resource found for suffixes {-context.xml, Context.groovy}.
17:28:48.852 [Test worker] INFO org.springframework.test.context.support.AnnotationConfigContextLoaderUtils - Could not detect default configuration classes for test class [org.fop.account.AccountApplicationTests]: AccountApplicationTests does not declare any static, non-private, non-final, nested classes annotated with @Configuration.
17:28:48.875 [Test worker] DEBUG org.springframework.boot.test.context.SpringBootTestContextBootstrapper - Using ContextCustomizers for test class [AccountApplicationTests]: [DisableObservabilityContextCustomizer, PropertyMappingContextCustomizer, Customizer, ExcludeFilterContextCustomizer, DuplicateJsonObjectContextCustomizer, MockitoContextCustomizer, TestRestTemplateContextCustomizer]
17:28:48.943 [Test worker] DEBUG org.springframework.context.annotation.ClassPathScanningCandidateComponentProvider - Identified candidate component class: file [/home/gesserok/projects/kotlin/FOP/account/build/classes/kotlin/main/org/fop/account/AccountApplication.class]
17:28:48.944 [Test worker] INFO org.springframework.boot.test.context.SpringBootTestContextBootstrapper - Found @SpringBootConfiguration org.fop.account.AccountApplication for test class org.fop.account.AccountApplicationTests
17:28:49.026 [Test worker] DEBUG org.springframework.test.context.util.TestContextSpringFactoriesUtils - Skipping candidate TestExecutionListener [org.springframework.test.context.transaction.TransactionalTestExecutionListener] due to a missing dependency. Specify custom TestExecutionListener classes or make the default TestExecutionListener classes and their required dependencies available. Offending class: [org/springframework/transaction/interceptor/TransactionAttributeSource]
17:28:49.028 [Test worker] DEBUG org.springframework.test.context.util.TestContextSpringFactoriesUtils - Skipping candidate TestExecutionListener [org.springframework.test.context.jdbc.SqlScriptsTestExecutionListener] due to a missing dependency. Specify custom TestExecutionListener classes or make the default TestExecutionListener classes and their required dependencies available. Offending class: [org/springframework/transaction/interceptor/TransactionAttribute]
17:28:49.030 [Test worker] DEBUG org.springframework.boot.test.context.SpringBootTestContextBootstrapper - Using TestExecutionListeners for test class [AccountApplicationTests]: [ServletTestExecutionListener, DirtiesContextBeforeModesTestExecutionListener, ApplicationEventsTestExecutionListener, MockitoTestExecutionListener, DependencyInjectionTestExecutionListener, DirtiesContextTestExecutionListener, EventPublishingTestExecutionListener, RestDocsTestExecutionListener, MockRestServiceServerResetTestExecutionListener, MockMvcPrintOnlyOnFailureTestExecutionListener, WebDriverTestExecutionListener, MockWebServiceServerTestExecutionListener, ResetMocksTestExecutionListener]
17:28:49.031 [Test worker] DEBUG org.springframework.test.context.support.AbstractDirtiesContextTestExecutionListener - Before test class: class [AccountApplicationTests], class annotated with @DirtiesContext [false] with mode [null]

  .   ____          _            __ _ _
 /\\ / ___'_ __ _ _(_)_ __  __ _ \ \ \ \
( ( )\___ | '_ | '_| | '_ \/ _` | \ \ \ \
 \\/  ___)| |_)| | | | | || (_| |  ) ) ) )
  '  |____| .__|_| |_|_| |_\__, | / / / /
 =========|_|==============|___/=/_/_/_/
 :: Spring Boot ::                (v3.0.2)

2023-02-15T17:28:49.286+02:00  INFO 51506 --- [    Test worker] o.fop.account.AccountApplicationTests    : Starting AccountApplicationTests using Java 17.0.5 with PID 51506 (started by gesserok in /home/gesserok/projects/kotlin/FOP/account)
2023-02-15T17:28:49.288+02:00  INFO 51506 --- [    Test worker] o.fop.account.AccountApplicationTests    : No active profile set, falling back to 1 default profile: "default"
2023-02-15T17:28:50.479+02:00  INFO 51506 --- [    Test worker] o.fop.account.AccountApplicationTests    : Started AccountApplicationTests in 1.409 seconds (process running for 2.354)
]]></system-out>
  <system-err><![CDATA[]]></system-err>
</testsuite>
